# JRE version: Java(TM) SE Runtime Environment (21.0.4+8) (build 21.0.4+8-LTS-274)
# Java VM: Java HotSpot(TM) 64-Bit Server VM (21.0.4+8-LTS-274, mixed mode, sharing, tiered, compressed oops, compressed class ptrs, g1 gc, windows-amd64)
GC Precious Log:
 CardTable entry size: 512
 Card Set container configuration: InlinePtr #cards 5 size 8 Array Of Cards #cards 12 size 40 Howl #buckets 4 coarsen threshold 1843 Howl Bitmap #cards 512 size 80 coarsen threshold 460 Card regions per heap region 1 cards per card region 2048
 CPUs: 8 total, 8 available
 Memory: 6021M
 Large Page Support: Disabled
 NUMA Support: Disabled
 Compressed Oops: Enabled (32-bit)
 Heap Region Size: 1M
 Heap Min Capacity: 8M
 Heap Initial Capacity: 96M
 Heap Max Capacity: 1506M
 Pre-touch: Disabled
 Parallel Workers: 8
 Concurrent Workers: 2
 Concurrent Refinement Workers: 8
 Periodic GC: Disabled
Heap:
 garbage-first heap   total 70656K, used 53033K [0x00000000a1e00000, 0x0000000100000000)
  region size 1024K, 24 young (24576K), 3 survivors (3072K)
 Metaspace       used 74359K, committed 75136K, reserved 1114112K
  class space    used 10126K, committed 10496K, reserved 1048576K
GC Heap History (20 events):
Event: 4.093 GC heap before
{Heap before GC invocations=2 (full 0):
 garbage-first heap   total 98304K, used 46625K [0x00000000a1e00000, 0x0000000100000000)
  region size 1024K, 39 young (39936K), 3 survivors (3072K)
 Metaspace       used 21191K, committed 21504K, reserved 1114112K
  class space    used 2730K, committed 2880K, reserved 1048576K
}
Event: 4.103 GC heap after
{Heap after GC invocations=3 (full 0):
 garbage-first heap   total 98304K, used 13906K [0x00000000a1e00000, 0x0000000100000000)
  region size 1024K, 5 young (5120K), 5 survivors (5120K)
 Metaspace       used 21191K, committed 21504K, reserved 1114112K
  class space    used 2730K, committed 2880K, reserved 1048576K
}
Event: 5.326 GC heap before
{Heap before GC invocations=4 (full 0):
 garbage-first heap   total 58368K, used 42578K [0x00000000a1e00000, 0x0000000100000000)
  region size 1024K, 34 young (34816K), 5 survivors (5120K)
 Metaspace       used 24815K, committed 25216K, reserved 1114112K
  class space    used 3185K, committed 3392K, reserved 1048576K
}
Event: 5.341 GC heap after
{Heap after GC invocations=5 (full 0):
 garbage-first heap   total 58368K, used 17155K [0x00000000a1e00000, 0x0000000100000000)
  region size 1024K, 5 young (5120K), 5 survivors (5120K)
 Metaspace       used 24815K, committed 25216K, reserved 1114112K
  class space    used 3185K, committed 3392K, reserved 1048576K
}
Event: 6.328 GC heap before
{Heap before GC invocations=5 (full 0):
 garbage-first heap   total 58368K, used 42755K [0x00000000a1e00000, 0x0000000100000000)
  region size 1024K, 30 young (30720K), 5 survivors (5120K)
 Metaspace       used 28323K, committed 28736K, reserved 1114112K
  class space    used 3658K, committed 3840K, reserved 1048576K
}
Event: 6.350 GC heap after
{Heap after GC invocations=6 (full 0):
 garbage-first heap   total 58368K, used 19205K [0x00000000a1e00000, 0x0000000100000000)
  region size 1024K, 2 young (2048K), 2 survivors (2048K)
 Metaspace       used 28323K, committed 28736K, reserved 1114112K
  class space    used 3658K, committed 3840K, reserved 1048576K
}
Event: 7.585 GC heap before
{Heap before GC invocations=6 (full 0):
 garbage-first heap   total 58368K, used 45829K [0x00000000a1e00000, 0x0000000100000000)
  region size 1024K, 28 young (28672K), 2 survivors (2048K)
 Metaspace       used 33888K, committed 34368K, reserved 1114112K
  class space    used 4443K, committed 4672K, reserved 1048576K
}
Event: 7.603 GC heap after
{Heap after GC invocations=7 (full 0):
 garbage-first heap   total 58368K, used 21909K [0x00000000a1e00000, 0x0000000100000000)
  region size 1024K, 4 young (4096K), 4 survivors (4096K)
 Metaspace       used 33888K, committed 34368K, reserved 1114112K
  class space    used 4443K, committed 4672K, reserved 1048576K
}
Event: 7.868 GC heap before
{Heap before GC invocations=7 (full 0):
 garbage-first heap   total 58368K, used 28053K [0x00000000a1e00000, 0x0000000100000000)
  region size 1024K, 11 young (11264K), 4 survivors (4096K)
 Metaspace       used 35656K, committed 36096K, reserved 1114112K
  class space    used 4710K, committed 4928K, reserved 1048576K
}
Event: 7.877 GC heap after
{Heap after GC invocations=8 (full 0):
 garbage-first heap   total 70656K, used 22726K [0x00000000a1e00000, 0x0000000100000000)
  region size 1024K, 1 young (1024K), 1 survivors (1024K)
 Metaspace       used 35656K, committed 36096K, reserved 1114112K
  class space    used 4710K, committed 4928K, reserved 1048576K
}
Event: 9.664 GC heap before
{Heap before GC invocations=9 (full 0):
 garbage-first heap   total 70656K, used 59590K [0x00000000a1e00000, 0x0000000100000000)
  region size 1024K, 37 young (37888K), 1 survivors (1024K)
 Metaspace       used 49222K, committed 49728K, reserved 1114112K
  class space    used 6493K, committed 6720K, reserved 1048576K
}
Event: 9.672 GC heap after
{Heap after GC invocations=10 (full 0):
 garbage-first heap   total 70656K, used 25580K [0x00000000a1e00000, 0x0000000100000000)
  region size 1024K, 4 young (4096K), 4 survivors (4096K)
 Metaspace       used 49222K, committed 49728K, reserved 1114112K
  class space    used 6493K, committed 6720K, reserved 1048576K
}
Event: 10.752 GC heap before
{Heap before GC invocations=10 (full 0):
 garbage-first heap   total 70656K, used 59372K [0x00000000a1e00000, 0x0000000100000000)
  region size 1024K, 37 young (37888K), 4 survivors (4096K)
 Metaspace       used 58315K, committed 58944K, reserved 1114112K
  class space    used 7833K, committed 8128K, reserved 1048576K
}
Event: 10.763 GC heap after
{Heap after GC invocations=11 (full 0):
 garbage-first heap   total 70656K, used 26992K [0x00000000a1e00000, 0x0000000100000000)
  region size 1024K, 2 young (2048K), 2 survivors (2048K)
 Metaspace       used 58315K, committed 58944K, reserved 1114112K
  class space    used 7833K, committed 8128K, reserved 1048576K
}
Event: 11.067 GC heap before
{Heap before GC invocations=11 (full 0):
 garbage-first heap   total 70656K, used 39280K [0x00000000a1e00000, 0x0000000100000000)
  region size 1024K, 15 young (15360K), 2 survivors (2048K)
 Metaspace       used 59822K, committed 60416K, reserved 1114112K
  class space    used 8023K, committed 8320K, reserved 1048576K
}
Event: 11.072 GC heap after
{Heap after GC invocations=12 (full 0):
 garbage-first heap   total 70656K, used 27201K [0x00000000a1e00000, 0x0000000100000000)
  region size 1024K, 3 young (3072K), 3 survivors (3072K)
 Metaspace       used 59822K, committed 60416K, reserved 1114112K
  class space    used 8023K, committed 8320K, reserved 1048576K
}
Event: 12.363 GC heap before
{Heap before GC invocations=13 (full 0):
 garbage-first heap   total 70656K, used 60993K [0x00000000a1e00000, 0x0000000100000000)
  region size 1024K, 36 young (36864K), 3 survivors (3072K)
 Metaspace       used 67121K, committed 67776K, reserved 1114112K
  class space    used 9087K, committed 9344K, reserved 1048576K
}
Event: 12.376 GC heap after
{Heap after GC invocations=14 (full 0):
 garbage-first heap   total 70656K, used 29860K [0x00000000a1e00000, 0x0000000100000000)
  region size 1024K, 5 young (5120K), 5 survivors (5120K)
 Metaspace       used 67121K, committed 67776K, reserved 1114112K
  class space    used 9087K, committed 9344K, reserved 1048576K
}
Event: 13.373 GC heap before
{Heap before GC invocations=14 (full 0):
 garbage-first heap   total 70656K, used 60580K [0x00000000a1e00000, 0x0000000100000000)
  region size 1024K, 35 young (35840K), 5 survivors (5120K)
 Metaspace       used 70757K, committed 71424K, reserved 1114112K
  class space    used 9587K, committed 9856K, reserved 1048576K
}
Event: 13.392 GC heap after
{Heap after GC invocations=15 (full 0):
 garbage-first heap   total 70656K, used 32553K [0x00000000a1e00000, 0x0000000100000000)
  region size 1024K, 3 young (3072K), 3 survivors (3072K)
 Metaspace       used 70757K, committed 71424K, reserved 1114112K
  class space    used 9587K, committed 9856K, reserved 1048576K
}

